[0m22:14:59.993405 [debug] [MainThread]: Sending event: {'category': 'dbt', 'action': 'invocation', 'label': 'start', 'context': [<snowplow_tracker.self_describing_json.SelfDescribingJson object at 0x00000150FCC21220>, <snowplow_tracker.self_describing_json.SelfDescribingJson object at 0x00000150FCC213D0>, <snowplow_tracker.self_describing_json.SelfDescribingJson object at 0x00000150FCC21700>]}


============================== 22:14:59.996405 | 13d28e87-fb40-4818-956a-188d4c90b4c0 ==============================
[0m22:14:59.996405 [info ] [MainThread]: Running with dbt=1.8.3
[0m22:14:59.997404 [debug] [MainThread]: running dbt with arguments {'printer_width': '80', 'indirect_selection': 'eager', 'write_json': 'True', 'log_cache_events': 'False', 'partial_parse': 'True', 'cache_selected_only': 'False', 'profiles_dir': 'C:\\Users\\Steve\\.dbt', 'fail_fast': 'False', 'debug': 'False', 'log_path': 'logs', 'version_check': 'True', 'warn_error': 'None', 'use_colors': 'True', 'use_experimental_parser': 'False', 'no_print': 'None', 'quiet': 'False', 'empty': 'None', 'log_format': 'default', 'invocation_command': 'dbt init', 'static_parser': 'True', 'introspect': 'True', 'target_path': 'None', 'warn_error_options': 'WarnErrorOptions(include=[], exclude=[])', 'send_anonymous_usage_stats': 'True'}
[0m22:15:00.021379 [warn ] [MainThread]: [ConfigFolderDirectory]: Unable to parse dict {'dir': WindowsPath('C:/Users/Steve/.dbt')}
[0m22:15:00.022417 [info ] [MainThread]: Creating dbt configuration folder at 
[0m22:15:21.494597 [debug] [MainThread]: Starter project path: c:\Users\Steve\AppData\Local\Programs\Python\Python312\Lib\site-packages\dbt\include\starter_project
[0m22:15:21.517597 [info ] [MainThread]: 
Your new dbt project "nyc_yellow_taxi" was created!

For more information on how to configure the profiles.yml file,
please consult the dbt documentation here:

  https://docs.getdbt.com/docs/configure-your-profile

One more thing:

Need help? Don't hesitate to reach out to us via GitHub issues or on Slack:

  https://community.getdbt.com/

Happy modeling!

[0m22:15:21.520598 [info ] [MainThread]: Setting up your profile.
[0m22:15:24.197776 [info ] [MainThread]: Profile nyc_yellow_taxi written to C:\Users\Steve\.dbt\profiles.yml using target's sample configuration. Once updated, you'll be able to start developing with dbt.
[0m22:15:24.198776 [debug] [MainThread]: Command `dbt init` succeeded at 22:15:24.198776 after 24.30 seconds
[0m22:15:24.199802 [debug] [MainThread]: Sending event: {'category': 'dbt', 'action': 'invocation', 'label': 'end', 'context': [<snowplow_tracker.self_describing_json.SelfDescribingJson object at 0x00000150FCCE1BE0>, <snowplow_tracker.self_describing_json.SelfDescribingJson object at 0x00000150FCCE3F80>, <snowplow_tracker.self_describing_json.SelfDescribingJson object at 0x00000150FCC8F440>]}
[0m22:15:24.199802 [debug] [MainThread]: Flushing usage events
[0m07:43:43.532139 [debug] [MainThread]: Sending event: {'category': 'dbt', 'action': 'invocation', 'label': 'start', 'context': [<snowplow_tracker.self_describing_json.SelfDescribingJson object at 0x000001CF9D9C16A0>, <snowplow_tracker.self_describing_json.SelfDescribingJson object at 0x000001CF9D6946E0>, <snowplow_tracker.self_describing_json.SelfDescribingJson object at 0x000001CF9F5080B0>]}


============================== 07:43:43.537203 | 5c2a3c6a-a337-4b45-a993-9cef1752ae64 ==============================
[0m07:43:43.537203 [info ] [MainThread]: Running with dbt=1.8.3
[0m07:43:43.538202 [debug] [MainThread]: running dbt with arguments {'printer_width': '80', 'indirect_selection': 'eager', 'write_json': 'True', 'log_cache_events': 'False', 'partial_parse': 'True', 'cache_selected_only': 'False', 'profiles_dir': 'C:\\Users\\Steve\\.dbt', 'fail_fast': 'False', 'debug': 'False', 'log_path': 'logs', 'version_check': 'True', 'warn_error': 'None', 'use_colors': 'True', 'use_experimental_parser': 'False', 'empty': 'None', 'quiet': 'False', 'no_print': 'None', 'warn_error_options': 'WarnErrorOptions(include=[], exclude=[])', 'introspect': 'True', 'static_parser': 'True', 'invocation_command': 'dbt debug', 'target_path': 'None', 'log_format': 'default', 'send_anonymous_usage_stats': 'True'}
[0m07:43:43.571204 [info ] [MainThread]: dbt version: 1.8.3
[0m07:43:43.571204 [info ] [MainThread]: python version: 3.12.3
[0m07:43:43.572204 [info ] [MainThread]: python path: c:\Users\Steve\AppData\Local\Programs\Python\Python312\python.exe
[0m07:43:43.572880 [info ] [MainThread]: os info: Windows-10-10.0.19045-SP0
[0m07:43:43.762603 [info ] [MainThread]: Using profiles dir at C:\Users\Steve\.dbt
[0m07:43:43.763588 [info ] [MainThread]: Using profiles.yml file at C:\Users\Steve\.dbt\profiles.yml
[0m07:43:43.764576 [info ] [MainThread]: Using dbt_project.yml file at C:\Users\Steve\Downloads\dbt-duckdb\dbt_project.yml
[0m07:43:43.765575 [info ] [MainThread]: adapter type: duckdb
[0m07:43:43.766577 [info ] [MainThread]: adapter version: 1.8.1
[0m07:43:43.767578 [info ] [MainThread]: Configuration:
[0m07:43:43.767578 [info ] [MainThread]:   profiles.yml file [[32mOK found and valid[0m]
[0m07:43:43.768575 [info ] [MainThread]:   dbt_project.yml file [[31mERROR not found[0m]
[0m07:43:43.768575 [info ] [MainThread]: Required dependencies:
[0m07:43:43.769575 [debug] [MainThread]: Executing "git --help"
[0m07:43:43.794236 [debug] [MainThread]: STDOUT: "b"usage: git [-v | --version] [-h | --help] [-C <path>] [-c <name>=<value>]\n           [--exec-path[=<path>]] [--html-path] [--man-path] [--info-path]\n           [-p | --paginate | -P | --no-pager] [--no-replace-objects] [--bare]\n           [--git-dir=<path>] [--work-tree=<path>] [--namespace=<name>]\n           [--config-env=<name>=<envvar>] <command> [<args>]\n\nThese are common Git commands used in various situations:\n\nstart a working area (see also: git help tutorial)\n   clone     Clone a repository into a new directory\n   init      Create an empty Git repository or reinitialize an existing one\n\nwork on the current change (see also: git help everyday)\n   add       Add file contents to the index\n   mv        Move or rename a file, a directory, or a symlink\n   restore   Restore working tree files\n   rm        Remove files from the working tree and from the index\n\nexamine the history and state (see also: git help revisions)\n   bisect    Use binary search to find the commit that introduced a bug\n   diff      Show changes between commits, commit and working tree, etc\n   grep      Print lines matching a pattern\n   log       Show commit logs\n   show      Show various types of objects\n   status    Show the working tree status\n\ngrow, mark and tweak your common history\n   branch    List, create, or delete branches\n   commit    Record changes to the repository\n   merge     Join two or more development histories together\n   rebase    Reapply commits on top of another base tip\n   reset     Reset current HEAD to the specified state\n   switch    Switch branches\n   tag       Create, list, delete or verify a tag object signed with GPG\n\ncollaborate (see also: git help workflows)\n   fetch     Download objects and refs from another repository\n   pull      Fetch from and integrate with another repository or a local branch\n   push      Update remote refs along with associated objects\n\n'git help -a' and 'git help -g' list available subcommands and some\nconcept guides. See 'git help <command>' or 'git help <concept>'\nto read about a specific subcommand or concept.\nSee 'git help git' for an overview of the system.\n""
[0m07:43:43.794236 [debug] [MainThread]: STDERR: "b''"
[0m07:43:43.795235 [info ] [MainThread]:  - git [[32mOK found[0m]

[0m07:43:43.795235 [info ] [MainThread]: Connection:
[0m07:43:43.796236 [info ] [MainThread]:   database: dev
[0m07:43:43.797237 [info ] [MainThread]:   schema: main
[0m07:43:43.798236 [info ] [MainThread]:   path: dev.duckdb
[0m07:43:43.798236 [info ] [MainThread]:   config_options: None
[0m07:43:43.799238 [info ] [MainThread]:   extensions: None
[0m07:43:43.800237 [info ] [MainThread]:   settings: None
[0m07:43:43.800237 [info ] [MainThread]:   external_root: .
[0m07:43:43.801236 [info ] [MainThread]:   use_credential_provider: None
[0m07:43:43.802237 [info ] [MainThread]:   attach: None
[0m07:43:43.802237 [info ] [MainThread]:   filesystems: None
[0m07:43:43.803238 [info ] [MainThread]:   remote: None
[0m07:43:43.804237 [info ] [MainThread]:   plugins: None
[0m07:43:43.805237 [info ] [MainThread]:   disable_transactions: False
[0m07:43:43.807243 [info ] [MainThread]: Registered adapter: duckdb=1.8.1
[0m07:43:43.808718 [debug] [MainThread]: Acquiring new duckdb connection 'debug'
[0m07:43:45.947862 [debug] [MainThread]: Using duckdb connection "debug"
[0m07:43:45.947862 [debug] [MainThread]: On debug: select 1 as id
[0m07:43:45.948863 [debug] [MainThread]: Opening a new connection, currently in state init
[0m07:43:45.970540 [debug] [MainThread]: SQL status: OK in 0.022 seconds
[0m07:43:45.971542 [debug] [MainThread]: On debug: Close
[0m07:43:45.974541 [info ] [MainThread]:   Connection test: [[32mOK connection ok[0m]

[0m07:43:45.975540 [info ] [MainThread]: [31m1 check failed:[0m
[0m07:43:45.976541 [info ] [MainThread]: Project loading failed for the following reason:
 project path <C:\Users\Steve\Downloads\dbt-duckdb\dbt_project.yml> not found

[0m07:43:45.978541 [debug] [MainThread]: Command `dbt debug` failed at 07:43:45.977541 after 2.55 seconds
[0m07:43:45.978541 [debug] [MainThread]: Connection 'debug' was properly closed.
[0m07:43:45.979540 [debug] [MainThread]: Sending event: {'category': 'dbt', 'action': 'invocation', 'label': 'end', 'context': [<snowplow_tracker.self_describing_json.SelfDescribingJson object at 0x000001CFA0966960>, <snowplow_tracker.self_describing_json.SelfDescribingJson object at 0x000001CF9F167EF0>, <snowplow_tracker.self_describing_json.SelfDescribingJson object at 0x000001CF9FD1A2A0>]}
[0m07:43:45.979540 [debug] [MainThread]: Flushing usage events
